<?xml version="1.0" encoding="UTF-8"?>
<testng-results ignored="0" total="2" passed="2" failed="0" skipped="0">
  <reporter-output>
  </reporter-output>
  <suite started-at="2021-06-27T00:00:26 IST" name="Default suite" finished-at="2021-06-27T00:01:53 IST" duration-ms="86851">
    <groups>
    </groups>
    <test started-at="2021-06-27T00:00:26 IST" name="Default test" finished-at="2021-06-27T00:01:53 IST" duration-ms="86851">
      <class name="com.tests.LoginTest">
        <test-method is-config="true" signature="setup()[pri:0, instance:com.tests.LoginTest@55183b20]" started-at="2021-06-27T00:00:26 IST" name="setup" finished-at="2021-06-27T00:01:09 IST" duration-ms="42495" status="PASS">
          <reporter-output>
          </reporter-output>
        </test-method> <!-- setup -->
        <test-method signature="yatraTitleTest()[pri:1, instance:com.tests.LoginTest@55183b20]" started-at="2021-06-27T00:01:09 IST" name="yatraTitleTest" finished-at="2021-06-27T00:01:09 IST" duration-ms="34" status="PASS">
          <reporter-output>
          </reporter-output>
        </test-method> <!-- yatraTitleTest -->
        <test-method is-config="true" signature="tearDown()[pri:0, instance:com.tests.LoginTest@55183b20]" started-at="2021-06-27T00:01:09 IST" name="tearDown" finished-at="2021-06-27T00:01:10 IST" duration-ms="1000" status="PASS">
          <reporter-output>
          </reporter-output>
        </test-method> <!-- tearDown -->
        <test-method is-config="true" signature="setup()[pri:0, instance:com.tests.LoginTest@55183b20]" started-at="2021-06-27T00:01:10 IST" name="setup" finished-at="2021-06-27T00:01:51 IST" duration-ms="41520" status="PASS">
          <reporter-output>
          </reporter-output>
        </test-method> <!-- setup -->
        <test-method signature="yatraLogoTest()[pri:2, instance:com.tests.LoginTest@55183b20]" started-at="2021-06-27T00:01:51 IST" name="yatraLogoTest" finished-at="2021-06-27T00:01:51 IST" duration-ms="245" status="PASS">
          <reporter-output>
          </reporter-output>
        </test-method> <!-- yatraLogoTest -->
        <test-method is-config="true" signature="tearDown()[pri:0, instance:com.tests.LoginTest@55183b20]" started-at="2021-06-27T00:01:51 IST" name="tearDown" finished-at="2021-06-27T00:01:53 IST" duration-ms="1467" status="PASS">
          <reporter-output>
          </reporter-output>
        </test-method> <!-- tearDown -->
      </class> <!-- com.tests.LoginTest -->
    </test> <!-- Default test -->
  </suite> <!-- Default suite -->
</testng-results>
